[2020-07-05 03:24:32,455] INFO org.github.dragos.vscode.Main$ - Starting server in /Applications/XAMPP/xamppfiles/htdocs/materializacion360web
[2020-07-05 03:24:32,455] INFO org.github.dragos.vscode.Main$ - Starting server in /Applications/XAMPP/xamppfiles/htdocs/materializacion360web
[2020-07-05 03:24:32,463] INFO org.github.dragos.vscode.Main$ - Classpath: /Users/pvergara/.vscode/extensions/dragos.scala-lsp-0.2.3/coursier
[2020-07-05 03:24:32,463] INFO org.github.dragos.vscode.Main$ - Classpath: /Users/pvergara/.vscode/extensions/dragos.scala-lsp-0.2.3/coursier
[2020-07-05 03:24:32,551] DEBUG langserver.core.MessageReader - Received headers:
Content-Length: 1246
[2020-07-05 03:24:32,551] DEBUG langserver.core.MessageReader - Received headers:
Content-Length: 1246
[2020-07-05 03:24:32,564] DEBUG langserver.core.Connection - Received {"jsonrpc":"2.0","id":0,"method":"initialize","params":{"processId":2242,"rootPath":"/Applications/XAMPP/xamppfiles/htdocs/materializacion360web","rootUri":"file:///Applications/XAMPP/xamppfiles/htdocs/materializacion360web","capabilities":{"workspace":{"applyEdit":true,"didChangeConfiguration":{"dynamicRegistration":false},"didChangeWatchedFiles":{"dynamicRegistration":false},"symbol":{"dynamicRegistration":true},"executeCommand":{"dynamicRegistration":true}},"textDocument":{"synchronization":{"dynamicRegistration":true,"willSave":true,"willSaveWaitUntil":true,"didSave":true},"completion":{"dynamicRegistration":true,"completionItem":{"snippetSupport":true}},"hover":{"dynamicRegistration":true},"signatureHelp":{"dynamicRegistration":true},"references":{"dynamicRegistration":true},"documentHighlight":{"dynamicRegistration":true},"documentSymbol":{"dynamicRegistration":true},"formatting":{"dynamicRegistration":true},"rangeFormatting":{"dynamicRegistration":true},"onTypeFormatting":{"dynamicRegistration":true},"definition":{"dynamicRegistration":true},"codeAction":{"dynamicRegistration":true},"codeLens":{"dynamicRegistration":true},"documentLink":{"dynamicRegistration":true},"rename":{"dynamicRegistration":true}}},"trace":"off"}}
[2020-07-05 03:24:32,564] DEBUG langserver.core.Connection - Received {"jsonrpc":"2.0","id":0,"method":"initialize","params":{"processId":2242,"rootPath":"/Applications/XAMPP/xamppfiles/htdocs/materializacion360web","rootUri":"file:///Applications/XAMPP/xamppfiles/htdocs/materializacion360web","capabilities":{"workspace":{"applyEdit":true,"didChangeConfiguration":{"dynamicRegistration":false},"didChangeWatchedFiles":{"dynamicRegistration":false},"symbol":{"dynamicRegistration":true},"executeCommand":{"dynamicRegistration":true}},"textDocument":{"synchronization":{"dynamicRegistration":true,"willSave":true,"willSaveWaitUntil":true,"didSave":true},"completion":{"dynamicRegistration":true,"completionItem":{"snippetSupport":true}},"hover":{"dynamicRegistration":true},"signatureHelp":{"dynamicRegistration":true},"references":{"dynamicRegistration":true},"documentHighlight":{"dynamicRegistration":true},"documentSymbol":{"dynamicRegistration":true},"formatting":{"dynamicRegistration":true},"rangeFormatting":{"dynamicRegistration":true},"onTypeFormatting":{"dynamicRegistration":true},"definition":{"dynamicRegistration":true},"codeAction":{"dynamicRegistration":true},"codeLens":{"dynamicRegistration":true},"documentLink":{"dynamicRegistration":true},"rename":{"dynamicRegistration":true}}},"trace":"off"}}
[2020-07-05 03:24:32,949] INFO org.github.dragos.vscode.EnsimeLanguageServer - Initialized with 2242, /Applications/XAMPP/xamppfiles/htdocs/materializacion360web, ClientCapabilities()
[2020-07-05 03:24:32,949] INFO org.github.dragos.vscode.EnsimeLanguageServer - Initialized with 2242, /Applications/XAMPP/xamppfiles/htdocs/materializacion360web, ClientCapabilities()
[2020-07-05 03:24:32,951] DEBUG org.github.dragos.vscode.EnsimeLanguageServer - ensime.config = "/Applications/XAMPP/xamppfiles/htdocs/materializacion360web/.ensime" 
[2020-07-05 03:24:32,951] DEBUG org.github.dragos.vscode.EnsimeLanguageServer - ensime.config = "/Applications/XAMPP/xamppfiles/htdocs/materializacion360web/.ensime" 
[2020-07-05 03:24:33,264] INFO akka.event.slf4j.Slf4jLogger - Slf4jLogger started
[2020-07-05 03:24:33,363] ERROR org.github.dragos.vscode.EnsimeLanguageServer - initializeEnsime Error: /Applications/XAMPP/xamppfiles/htdocs/materializacion360web/.ensime
[2020-07-05 03:24:33,363] ERROR org.github.dragos.vscode.EnsimeLanguageServer - initializeEnsime Error: /Applications/XAMPP/xamppfiles/htdocs/materializacion360web/.ensime
[2020-07-05 03:24:33,410] DEBUG langserver.core.MessageWriter - Content-Length: 146



{"jsonrpc":"2.0","method":"window/showMessage","params":{"tpe":1,"message":"No .ensime file in directory. Run `sbt ensimeConfig` to create one."}}
[2020-07-05 03:24:33,410] DEBUG langserver.core.MessageWriter - Content-Length: 146



{"jsonrpc":"2.0","method":"window/showMessage","params":{"tpe":1,"message":"No .ensime file in directory. Run `sbt ensimeConfig` to create one."}}
[2020-07-05 03:24:33,411] DEBUG langserver.core.MessageWriter - payload: {"jsonrpc":"2.0","method":"window/showMessage","params":{"tpe":1,"message":"No .ensime file in directory. Run `sbt ensimeConfig` to create one."}}
[2020-07-05 03:24:33,411] DEBUG langserver.core.MessageWriter - payload: {"jsonrpc":"2.0","method":"window/showMessage","params":{"tpe":1,"message":"No .ensime file in directory. Run `sbt ensimeConfig` to create one."}}
[2020-07-05 03:24:33,467] DEBUG langserver.core.MessageWriter - Content-Length: 441



{"jsonrpc":"2.0","result":{"capabilities":{"textDocumentSync":1,"hoverProvider":true,"completionProvider":{"resolveProvider":false,"triggerCharacters":["."]},"definitionProvider":true,"referencesProvider":false,"documentHighlightProvider":false,"documentSymbolProvider":true,"workspaceSymbolProvider":false,"codeActionProvider":false,"documentFormattingProvider":false,"documentRangeFormattingProvider":false,"renameProvider":false}},"id":0}
[2020-07-05 03:24:33,467] DEBUG langserver.core.MessageWriter - Content-Length: 441



{"jsonrpc":"2.0","result":{"capabilities":{"textDocumentSync":1,"hoverProvider":true,"completionProvider":{"resolveProvider":false,"triggerCharacters":["."]},"definitionProvider":true,"referencesProvider":false,"documentHighlightProvider":false,"documentSymbolProvider":true,"workspaceSymbolProvider":false,"codeActionProvider":false,"documentFormattingProvider":false,"documentRangeFormattingProvider":false,"renameProvider":false}},"id":0}
[2020-07-05 03:24:33,467] DEBUG langserver.core.MessageWriter - payload: {"jsonrpc":"2.0","result":{"capabilities":{"textDocumentSync":1,"hoverProvider":true,"completionProvider":{"resolveProvider":false,"triggerCharacters":["."]},"definitionProvider":true,"referencesProvider":false,"documentHighlightProvider":false,"documentSymbolProvider":true,"workspaceSymbolProvider":false,"codeActionProvider":false,"documentFormattingProvider":false,"documentRangeFormattingProvider":false,"renameProvider":false}},"id":0}
[2020-07-05 03:24:33,467] DEBUG langserver.core.MessageWriter - payload: {"jsonrpc":"2.0","result":{"capabilities":{"textDocumentSync":1,"hoverProvider":true,"completionProvider":{"resolveProvider":false,"triggerCharacters":["."]},"definitionProvider":true,"referencesProvider":false,"documentHighlightProvider":false,"documentSymbolProvider":true,"workspaceSymbolProvider":false,"codeActionProvider":false,"documentFormattingProvider":false,"documentRangeFormattingProvider":false,"renameProvider":false}},"id":0}
[2020-07-05 03:24:33,468] DEBUG langserver.core.MessageReader - Received headers:
Content-Length: 52
[2020-07-05 03:24:33,468] DEBUG langserver.core.MessageReader - Received headers:
Content-Length: 52
[2020-07-05 03:24:33,469] DEBUG langserver.core.Connection - Received {"jsonrpc":"2.0","method":"initialized","params":{}}
[2020-07-05 03:24:33,469] DEBUG langserver.core.Connection - Received {"jsonrpc":"2.0","method":"initialized","params":{}}
[2020-07-05 03:24:33,479] ERROR org.github.dragos.vscode.EnsimeLanguageServer - Unknown notification Initialized()
[2020-07-05 03:24:33,479] ERROR org.github.dragos.vscode.EnsimeLanguageServer - Unknown notification Initialized()
[2020-07-05 03:35:26,846] DEBUG langserver.core.MessageReader - Received headers:
Content-Length: 58
[2020-07-05 03:35:26,846] DEBUG langserver.core.MessageReader - Received headers:
Content-Length: 58
[2020-07-05 03:35:26,852] DEBUG langserver.core.Connection - Received {"jsonrpc":"2.0","id":1,"method":"shutdown","params":null}
[2020-07-05 03:35:26,852] DEBUG langserver.core.Connection - Received {"jsonrpc":"2.0","id":1,"method":"shutdown","params":null}
[2020-07-05 03:35:26,892] DEBUG langserver.core.MessageWriter - Content-Length: 198



{"jsonrpc":"2.0","error":{"code":-32602,"message":"Invalid params","data":{"meaning":"Invalid method parameter(s).","error":{"obj":[{"msg":["command parameters must be given"],"args":[]}]}}},"id":1}
[2020-07-05 03:35:26,892] DEBUG langserver.core.MessageWriter - Content-Length: 198



{"jsonrpc":"2.0","error":{"code":-32602,"message":"Invalid params","data":{"meaning":"Invalid method parameter(s).","error":{"obj":[{"msg":["command parameters must be given"],"args":[]}]}}},"id":1}
[2020-07-05 03:35:26,893] DEBUG langserver.core.MessageWriter - payload: {"jsonrpc":"2.0","error":{"code":-32602,"message":"Invalid params","data":{"meaning":"Invalid method parameter(s).","error":{"obj":[{"msg":["command parameters must be given"],"args":[]}]}}},"id":1}
[2020-07-05 03:35:26,893] DEBUG langserver.core.MessageWriter - payload: {"jsonrpc":"2.0","error":{"code":-32602,"message":"Invalid params","data":{"meaning":"Invalid method parameter(s).","error":{"obj":[{"msg":["command parameters must be given"],"args":[]}]}}},"id":1}
[2020-07-05 03:35:27,860] INFO langserver.core.MessageReader - End of stream, terminating thread
[2020-07-05 03:35:27,860] INFO langserver.core.MessageReader - End of stream, terminating thread
[2020-07-05 03:35:27,861] INFO org.github.dragos.vscode.EnsimeLanguageServer - Shutdown request
[2020-07-05 03:35:27,861] INFO org.github.dragos.vscode.EnsimeLanguageServer - Shutdown request
[2020-07-05 03:35:27,862] INFO org.github.dragos.vscode.EnsimeLanguageServer - Shutting down actor system.
[2020-07-05 03:35:27,862] INFO org.github.dragos.vscode.EnsimeLanguageServer - Shutting down actor system.
[2020-07-05 03:35:27,905] INFO org.github.dragos.vscode.EnsimeLanguageServer - Actor system down.
[2020-07-05 03:35:27,905] INFO org.github.dragos.vscode.EnsimeLanguageServer - Actor system down.
